<?xml version="1.0" encoding="UTF-8"?>
<testng-results skipped="0" failed="0" ignored="0" total="1" passed="1">
  <reporter-output>
  </reporter-output>
  <suite name="Suite" duration-ms="12603" started-at="2020-10-28T13:13:41 ICT" finished-at="2020-10-28T13:13:53 ICT">
    <groups>
    </groups>
    <test name="Test" duration-ms="12603" started-at="2020-10-28T13:13:41 ICT" finished-at="2020-10-28T13:13:53 ICT">
      <class name="selenium.NewTest">
        <test-method status="PASS" signature="beforeClass()[pri:0, instance:selenium.NewTest@20398b7c]" name="beforeClass" is-config="true" duration-ms="8016" started-at="2020-10-28T13:13:41 ICT" finished-at="2020-10-28T13:13:49 ICT">
          <reporter-output>
          </reporter-output>
        </test-method> <!-- beforeClass -->
        <test-method status="PASS" signature="verifySearchButton()[pri:0, instance:selenium.NewTest@20398b7c]" name="verifySearchButton" duration-ms="3185" started-at="2020-10-28T13:13:49 ICT" finished-at="2020-10-28T13:13:52 ICT">
          <reporter-output>
          </reporter-output>
        </test-method> <!-- verifySearchButton -->
        <test-method status="PASS" signature="afterClass()[pri:0, instance:selenium.NewTest@20398b7c]" name="afterClass" is-config="true" duration-ms="1322" started-at="2020-10-28T13:13:52 ICT" finished-at="2020-10-28T13:13:53 ICT">
          <reporter-output>
          </reporter-output>
        </test-method> <!-- afterClass -->
      </class> <!-- selenium.NewTest -->
    </test> <!-- Test -->
  </suite> <!-- Suite -->
</testng-results>
