<?xml version="1.0" encoding="UTF-8"?>
<testng-results skipped="0" failed="0" ignored="0" total="1" passed="1">
  <reporter-output>
  </reporter-output>
  <suite name="Default suite" duration-ms="12382" started-at="2020-10-28T12:00:16 ICT" finished-at="2020-10-28T12:00:29 ICT">
    <groups>
    </groups>
    <test name="Default test" duration-ms="12382" started-at="2020-10-28T12:00:16 ICT" finished-at="2020-10-28T12:00:29 ICT">
      <class name="selenium.NewTest">
        <test-method status="PASS" signature="beforeClass()[pri:0, instance:selenium.NewTest@26aa12dd]" name="beforeClass" is-config="true" duration-ms="8395" started-at="2020-10-28T12:00:16 ICT" finished-at="2020-10-28T12:00:25 ICT">
          <reporter-output>
          </reporter-output>
        </test-method> <!-- beforeClass -->
        <test-method status="PASS" signature="verifySearchButton()[pri:0, instance:selenium.NewTest@26aa12dd]" name="verifySearchButton" duration-ms="2476" started-at="2020-10-28T12:00:25 ICT" finished-at="2020-10-28T12:00:27 ICT">
          <reporter-output>
          </reporter-output>
        </test-method> <!-- verifySearchButton -->
        <test-method status="PASS" signature="afterClass()[pri:0, instance:selenium.NewTest@26aa12dd]" name="afterClass" is-config="true" duration-ms="1422" started-at="2020-10-28T12:00:27 ICT" finished-at="2020-10-28T12:00:29 ICT">
          <reporter-output>
          </reporter-output>
        </test-method> <!-- afterClass -->
      </class> <!-- selenium.NewTest -->
    </test> <!-- Default test -->
  </suite> <!-- Default suite -->
</testng-results>
